<?xml version="1.0" encoding="UTF-8"?>
<!-- Generated by org.testng.reporters.JUnitReportReporter -->
<testsuite hostname="LAPTOP-DR0A7IH1" failures="0" tests="1" name="com.hrms.testscript.TC001" time="9.490" errors="0" timestamp="14 Feb 2023 01:24:13 GMT">
  <testcase classname="com.hrms.testscript.TC001" name="tc001" time="9.490"/>
</testsuite> <!-- com.hrms.testscript.TC001 -->
